<?xml version="1.0" encoding="UTF-8"?>
<!-- Generated by org.testng.reporters.JUnitReportReporter -->
<testsuite hostname="HP-PC" name="com.sample.mavenproject.SecondClass" tests="1" failures="0" timestamp="19 Jun 2017 13:23:19 GMT" time="43.484" errors="0">
  <testcase name="verifySearch" time="43.484" classname="com.sample.mavenproject.SecondClass"/>
</testsuite> <!-- com.sample.mavenproject.SecondClass -->
