<?xml version="1.0" encoding="UTF-8"?>
<!-- Generated by org.testng.reporters.JUnitReportReporter -->
<testsuite hostname="HP-PC" name="com.sample.mavenproject.FirstTest" tests="1" failures="0" timestamp="20 Jun 2017 10:15:26 GMT" time="54.271" errors="0">
  <testcase name="verifySearch" time="54.271" classname="com.sample.mavenproject.FirstTest"/>
</testsuite> <!-- com.sample.mavenproject.FirstTest -->
