<?xml version="1.0" encoding="UTF-8"?>
<!-- Generated by org.testng.reporters.JUnitReportReporter -->
<testsuite hostname="HP-PC" name="com.sample.mavenproject.FirstClass" tests="1" failures="0" timestamp="19 Jun 2017 12:30:29 GMT" time="39.750" errors="0">
  <testcase name="verifySearch" time="39.750" classname="com.sample.mavenproject.FirstClass"/>
</testsuite> <!-- com.sample.mavenproject.FirstClass -->
