<?xml version="1.0" encoding="UTF-8"?>
<!-- Generated by org.testng.reporters.JUnitReportReporter -->
<testsuite hostname="HP-PC" name="com.sample.mavenproject.SecondTest" tests="1" failures="0" timestamp="13 Jul 2017 13:42:21 GMT" time="31.277" errors="0">
  <testcase name="verifySearch" time="31.277" classname="com.sample.mavenproject.SecondTest"/>
</testsuite> <!-- com.sample.mavenproject.SecondTest -->
