<?xml version="1.0" encoding="UTF-8"?>
<!-- Generated by org.testng.reporters.JUnitReportReporter -->
<testsuite hostname="HP-PC" name="com.sample.mavenproject.FirstTest" tests="1" failures="0" timestamp="13 Jul 2017 13:42:21 GMT" time="41.791" errors="0">
  <testcase name="verifySearch" time="41.791" classname="com.sample.mavenproject.FirstTest"/>
</testsuite> <!-- com.sample.mavenproject.FirstTest -->
